Arguments: 
  /home/vlad/.nvm/versions/node/v8.9.0/bin/node /usr/bin/yarn install

PATH: 
  /home/vlad/.nvm/versions/node/v8.9.0/bin:/usr/local/sbin:/usr/local/bin:/usr/bin:/usr/lib/jvm/default/bin:/usr/bin/site_perl:/usr/bin/vendor_perl:/usr/bin/core_perl:/home/vlad/mohito/bin:/home/vlad/bin

Yarn version: 
  1.2.1

Node version: 
  8.9.0

Platform: 
  linux x64

npm manifest: 
  {
    "name": "dictionary-client",
    "version": "1.0.0",
    "description": "Client for dictionary application",
    "main": "index.js",
    "author": "Vlad Komodey",
    "license": "MIT",
    "scripts": {
      "dev": "node index.js"
    },
    "dependencies": {
      "koa": "2.4.1",
      "koa-static": "4.0.1",
      "lodash": "^4.17.4",
      "react": "16.0.0",
      "react-dom": "16.0.0",
      "url": "^0.11.0",
      "whatwg-fetch": "^2.0.3"
      "prop-types": "^15.6.0",
    },
    "devDependencies": {
      "babel-core": "6.26.0",
      "babel-loader": "7.1.2",
      "babel-plugin-transform-runtime": "6.23.0",
      "babel-preset-env": "1.6.1",
      "babel-preset-react": "6.24.1",
      "babel-preset-stage-1": "6.24.1",
      "koa-webpack-dev-middleware": "2.0.2",
      "koa-webpack-hot-middleware": "1.0.3",
      "object-assign": "^4.1.1",
      "webpack": "3.8.1"
    }
  }

yarn manifest: 
  No manifest

Lockfile: 
  No lockfile

Trace: 
  SyntaxError: /home/vlad/dev/dictionary/client/package.json: Unexpected string in JSON at position 423
      at JSON.parse (<anonymous>)
      at /usr/lib/node_modules/yarn/lib/cli.js:770:59
      at Generator.next (<anonymous>)
      at step (/usr/lib/node_modules/yarn/lib/cli.js:92:30)
      at /usr/lib/node_modules/yarn/lib/cli.js:103:13
      at <anonymous>
